{
  "RSpec": {
    "coverage": {
      "/Users/kirillzabrodin/Projects/bookmark_manager_app/spec/bookmark_list_spec.rb": [
        1,
        1,
        null,
        1,
        1,
        1,
        1,
        null,
        1,
        1,
        1,
        null,
        1,
        null,
        1,
        1,
        1,
        null,
        null,
        null,
        1,
        1,
        1,
        null,
        1,
        null,
        1,
        null,
        null,
        null
      ],
      "/Users/kirillzabrodin/Projects/bookmark_manager_app/spec/features/bookmark_view_spec.rb": [
        1,
        null,
        1,
        1,
        1,
        1,
        1,
        null,
        1,
        null,
        1,
        1,
        1,
        null,
        null
      ],
      "/Users/kirillzabrodin/Projects/bookmark_manager_app/spec/features/index_spec.rb": [
        1,
        1,
        1,
        1,
        null,
        null
      ]
    },
    "timestamp": 1542807965
  }
}
